<?xml version="1.0" encoding="UTF-8"?>
<testsuite name="com.theshatterdome.core.CoreApplicationTests" tests="1" skipped="0" failures="0" errors="0" timestamp="2025-08-13T12:58:26.567Z" hostname="Jiaqis-MacBook-Pro.local" time="0.25">
  <properties/>
  <testcase name="contextLoads()" classname="com.theshatterdome.core.CoreApplicationTests" time="0.25"/>
  <system-out><![CDATA[Standard Commons Logging discovery in action with spring-jcl: please remove commons-logging.jar from classpath in order to avoid potential conflicts
20:58:24.670 [Test worker] INFO org.springframework.test.context.support.AnnotationConfigContextLoaderUtils -- Could not detect default configuration classes for test class [com.theshatterdome.core.CoreApplicationTests]: CoreApplicationTests does not declare any static, non-private, non-final, nested classes annotated with @Configuration.
20:58:24.729 [Test worker] INFO org.springframework.boot.test.context.SpringBootTestContextBootstrapper -- Found @SpringBootConfiguration com.theshatterdome.core.CoreApplication for test class com.theshatterdome.core.CoreApplicationTests

  .   ____          _            __ _ _
 /\\ / ___'_ __ _ _(_)_ __  __ _ \ \ \ \
( ( )\___ | '_ | '_| | '_ \/ _` | \ \ \ \
 \\/  ___)| |_)| | | | | || (_| |  ) ) ) )
  '  |____| .__|_| |_|_| |_\__, | / / / /
 =========|_|==============|___/=/_/_/_/

 :: Spring Boot ::                (v3.5.4)

2025-08-13T20:58:24.906+08:00  INFO 83795 --- [core] [    Test worker] c.t.core.CoreApplicationTests            : Starting CoreApplicationTests using Java 24.0.2 with PID 83795 (started by rickygu in /Users/rickygu/Documents/GitHub/the-shatterdome-rpg-game/backend)
2025-08-13T20:58:24.907+08:00  INFO 83795 --- [core] [    Test worker] c.t.core.CoreApplicationTests            : No active profile set, falling back to 1 default profile: "default"
2025-08-13T20:58:25.174+08:00  INFO 83795 --- [core] [    Test worker] .s.d.r.c.RepositoryConfigurationDelegate : Bootstrapping Spring Data JPA repositories in DEFAULT mode.
2025-08-13T20:58:25.202+08:00  INFO 83795 --- [core] [    Test worker] .s.d.r.c.RepositoryConfigurationDelegate : Finished Spring Data repository scanning in 23 ms. Found 2 JPA repository interfaces.
2025-08-13T20:58:25.412+08:00  INFO 83795 --- [core] [    Test worker] o.hibernate.jpa.internal.util.LogHelper  : HHH000204: Processing PersistenceUnitInfo [name: default]
2025-08-13T20:58:25.432+08:00  INFO 83795 --- [core] [    Test worker] org.hibernate.Version                    : HHH000412: Hibernate ORM core version 6.6.22.Final
2025-08-13T20:58:25.447+08:00  INFO 83795 --- [core] [    Test worker] o.h.c.internal.RegionFactoryInitiator    : HHH000026: Second-level cache disabled
2025-08-13T20:58:25.581+08:00  INFO 83795 --- [core] [    Test worker] o.s.o.j.p.SpringPersistenceUnitInfo      : No LoadTimeWeaver setup: ignoring JPA class transformer
2025-08-13T20:58:25.594+08:00  INFO 83795 --- [core] [    Test worker] com.zaxxer.hikari.HikariDataSource       : HikariPool-1 - Starting...
2025-08-13T20:58:25.772+08:00  INFO 83795 --- [core] [    Test worker] com.zaxxer.hikari.pool.HikariPool        : HikariPool-1 - Added connection com.mysql.cj.jdbc.ConnectionImpl@37f41a81
2025-08-13T20:58:25.772+08:00  INFO 83795 --- [core] [    Test worker] com.zaxxer.hikari.HikariDataSource       : HikariPool-1 - Start completed.
2025-08-13T20:58:25.794+08:00  WARN 83795 --- [core] [    Test worker] org.hibernate.orm.deprecation            : HHH90000025: MySQLDialect does not need to be specified explicitly using 'hibernate.dialect' (remove the property setting and it will be selected by default)
2025-08-13T20:58:25.801+08:00  INFO 83795 --- [core] [    Test worker] org.hibernate.orm.connections.pooling    : HHH10001005: Database info:
	Database JDBC URL [Connecting through datasource 'HikariDataSource (HikariPool-1)']
	Database driver: undefined/unknown
	Database version: 9.4
	Autocommit mode: undefined/unknown
	Isolation level: undefined/unknown
	Minimum pool size: undefined/unknown
	Maximum pool size: undefined/unknown
2025-08-13T20:58:26.213+08:00  INFO 83795 --- [core] [    Test worker] o.h.e.t.j.p.i.JtaPlatformInitiator       : HHH000489: No JTA platform available (set 'hibernate.transaction.jta.platform' to enable JTA platform integration)
2025-08-13T20:58:26.241+08:00  INFO 83795 --- [core] [    Test worker] j.LocalContainerEntityManagerFactoryBean : Initialized JPA EntityManagerFactory for persistence unit 'default'
2025-08-13T20:58:26.384+08:00  WARN 83795 --- [core] [    Test worker] JpaBaseConfiguration$JpaWebConfiguration : spring.jpa.open-in-view is enabled by default. Therefore, database queries may be performed during view rendering. Explicitly configure spring.jpa.open-in-view to disable this warning
2025-08-13T20:58:26.561+08:00  INFO 83795 --- [core] [    Test worker] c.t.core.CoreApplicationTests            : Started CoreApplicationTests in 1.762 seconds (process running for 2.28)
]]></system-out>
  <system-err><![CDATA[Mockito is currently self-attaching to enable the inline-mock-maker. This will no longer work in future releases of the JDK. Please add Mockito as an agent to your build as described in Mockito's documentation: https://javadoc.io/doc/org.mockito/mockito-core/latest/org.mockito/org/mockito/Mockito.html#0.3
WARNING: A Java agent has been loaded dynamically (/Users/rickygu/.gradle/caches/modules-2/files-2.1/net.bytebuddy/byte-buddy-agent/1.17.6/17b32fd9f57deef02842f7f05abc4ad8127fe34e/byte-buddy-agent-1.17.6.jar)
WARNING: If a serviceability tool is in use, please run with -XX:+EnableDynamicAgentLoading to hide this warning
WARNING: If a serviceability tool is not in use, please run with -Djdk.instrument.traceUsage for more information
WARNING: Dynamic loading of agents will be disallowed by default in a future release
]]></system-err>
</testsuite>
